{"name": "test_2_task", "status": "failed", "statusDetails": {"message": "AssertionError: assert False", "trace": "def test_2_task():\n>       assert False\nE       assert False\n\nsimple_code.py:6: AssertionError"}, "start": 1617918321951, "stop": 1617918321951, "uuid": "5e891fa6-3142-4213-8e00-6bbb47a205b3", "historyId": "3b39a1db5c3b41b9a88749d2ad8d364d", "testCaseId": "5a51e4b9f86d8930564a72631d392585", "fullName": "simple_code#test_2_task", "labels": [{"name": "suite", "value": "simple_code"}, {"name": "host", "value": "Apple-no-MacBook-Pro.local"}, {"name": "thread", "value": "58754-MainThread"}, {"name": "framework", "value": "pytest"}, {"name": "language", "value": "cpython3"}, {"name": "package", "value": "simple_code"}]}