{"name": "test_2_task", "status": "failed", "statusDetails": {"message": "AssertionError: assert False", "trace": "def test_2_task():\n>       assert False\nE       assert False\n\nsimple_code.py:6: AssertionError"}, "start": 1617920224968, "stop": 1617920224969, "uuid": "2335906a-c94c-463c-8879-b364f388307d", "historyId": "3b39a1db5c3b41b9a88749d2ad8d364d", "testCaseId": "5a51e4b9f86d8930564a72631d392585", "fullName": "simple_code#test_2_task", "labels": [{"name": "suite", "value": "simple_code"}, {"name": "host", "value": "Apple-no-MacBook-Pro.local"}, {"name": "thread", "value": "73987-MainThread"}, {"name": "framework", "value": "pytest"}, {"name": "language", "value": "cpython3"}, {"name": "package", "value": "simple_code"}]}