{"name": "test_2_task", "status": "failed", "statusDetails": {"message": "AssertionError: assert False", "trace": "def test_2_task():\n>       assert False\nE       assert False\n\nsimple_code.py:6: AssertionError"}, "start": 1617918786662, "stop": 1617918786662, "uuid": "99884b40-a861-4736-8fd9-38673f5262c1", "historyId": "3b39a1db5c3b41b9a88749d2ad8d364d", "testCaseId": "5a51e4b9f86d8930564a72631d392585", "fullName": "simple_code#test_2_task", "labels": [{"name": "suite", "value": "simple_code"}, {"name": "host", "value": "Apple-no-MacBook-Pro.local"}, {"name": "thread", "value": "62372-MainThread"}, {"name": "framework", "value": "pytest"}, {"name": "language", "value": "cpython3"}, {"name": "package", "value": "simple_code"}]}